This is pdfTeX, Version 3.1415926-1.40.10 (TeX Live 2009/Debian) (format=pdflatex 2013.6.17)  15 APR 2015 22:28
entering extended mode
 %&-line parsing enabled.
**RiTHMWeeklyReport.tex
(./RiTHMWeeklyReport.tex
LaTeX2e <2009/09/24>
Babel <v3.8l> and hyphenation patterns for english, usenglishmax, dumylang, noh
yphenation, farsi, arabic, croatian, bulgarian, ukrainian, russian, czech, slov
ak, danish, dutch, finnish, french, basque, ngerman, german, german-x-2009-06-1
9, ngerman-x-2009-06-19, ibycus, monogreek, greek, ancientgreek, hungarian, san
skrit, italian, latin, latvian, lithuanian, mongolian2a, mongolian, bokmal, nyn
orsk, romanian, irish, coptic, serbian, turkish, welsh, esperanto, uppersorbian
, estonian, indonesian, interlingua, icelandic, kurmanji, slovenian, polish, po
rtuguese, spanish, galician, catalan, swedish, ukenglish, pinyin, loaded.
(/usr/share/texmf-texlive/tex/latex/base/article.cls
Document Class: article 2007/10/19 v1.4h Standard LaTeX document class
(/usr/share/texmf-texlive/tex/latex/base/size10.clo
File: size10.clo 2007/10/19 v1.4h Standard LaTeX file (size option)
)
\c@part=\count79
\c@section=\count80
\c@subsection=\count81
\c@subsubsection=\count82
\c@paragraph=\count83
\c@subparagraph=\count84
\c@figure=\count85
\c@table=\count86
\abovecaptionskip=\skip41
\belowcaptionskip=\skip42
\bibindent=\dimen102
)
(/usr/share/texmf-texlive/tex/latex/datetime/datetime.sty
Package: datetime 2007/08/20 v2.55 Date Time Package

(/usr/share/texmf-texlive/tex/latex/fmtcount/fmtcount.sty
Package: fmtcount 2009/10/02 v1.31

(/usr/share/texmf-texlive/tex/latex/base/ifthen.sty
Package: ifthen 2001/05/26 v1.1c Standard LaTeX ifthen package (DPC)
)
(/usr/share/texmf-texlive/tex/latex/graphics/keyval.sty
Package: keyval 1999/03/16 v1.13 key=value parser (DPC)
\KV@toks@=\toks14
)
(/usr/share/texmf-texlive/tex/latex/amsmath/amsgen.sty
File: amsgen.sty 1999/11/30 v2.0
\@emptytoks=\toks15
\ex@=\dimen103
)
\c@padzeroesN=\count87

(/usr/share/texmf-texlive/tex/latex/fmtcount/fc-english.def
File: fc-english 2007/05/26
)
(/usr/share/texmf-texlive/tex/latex/fmtcount/fc-UKenglish.def
File: fc-UKenglish 2007/06/14
)
(/usr/share/texmf-texlive/tex/latex/fmtcount/fc-british.def
File: fc-british 2007/06/14
)
(/usr/share/texmf-texlive/tex/latex/fmtcount/fc-USenglish.def
File: fc-USenglish 2007/06/14
)
(/usr/share/texmf-texlive/tex/latex/fmtcount/fc-spanish.def
File: fc-spanish.def 2007/05/26
)
(/usr/share/texmf-texlive/tex/latex/fmtcount/fc-portuges.def
File: fc-portuges.def 2007/05/26
)
(/usr/share/texmf-texlive/tex/latex/fmtcount/fc-french.def
File: fc-french.def 2007/05/26
)
(/usr/share/texmf-texlive/tex/latex/fmtcount/fc-german.def
File: fc-german.def 2007/06/14
)
(/usr/share/texmf-texlive/tex/latex/fmtcount/fc-italian.def
File: fc-italian.def 2009/10/02 Italian support for fmtcount (Edoardo Pasca)
)
No configuration file fmtcount.cfg found.
\@DT@modctr=\count88
\@ordinalctr=\count89
\@orgargctr=\count90
\@strctr=\count91
\@tmpstrctr=\count92
\@DT@loopN=\count93
\@DT@X=\count94
)
\@day=\count95
\@month=\count96
\@year=\count97
Package datetime Info: No datetime.cfg file found, using default settings on in
put line 167.
\@dtctr=\count98
\dayofyear=\count99
\dayofweek=\count100
LaTeX Info: Redefining \today on input line 428.
\c@HOUR=\count101
\c@HOURXII=\count102
\c@MINUTE=\count103
\c@TOHOUR=\count104
\c@TOMINUTE=\count105
\dt@a=\toks16
\dt@b=\toks17
) (/usr/share/texmf-texlive/tex/latex/hyperref/hyperref.sty
Package: hyperref 2009/10/09 v6.79a Hypertext links for LaTeX

(/usr/share/texmf-texlive/tex/generic/oberdiek/ifpdf.sty
Package: ifpdf 2009/04/10 v2.0 Provides the ifpdf switch (HO)
Package ifpdf Info: pdfTeX in pdf mode detected.
)
(/usr/share/texmf-texlive/tex/generic/oberdiek/ifvtex.sty
Package: ifvtex 2008/11/04 v1.4 Switches for detecting VTeX and its modes (HO)
Package ifvtex Info: VTeX not detected.
)
(/usr/share/texmf-texlive/tex/generic/ifxetex/ifxetex.sty
Package: ifxetex 2009/01/23 v0.5 Provides ifxetex conditional
)
(/usr/share/texmf-texlive/tex/latex/oberdiek/hycolor.sty
Package: hycolor 2009/10/02 v1.5 Code for color options of hyperref/bookmark (H
O)

(/usr/share/texmf-texlive/tex/latex/oberdiek/xcolor-patch.sty
Package: xcolor-patch 2009/10/02 xcolor patch
))
\@linkdim=\dimen104
\Hy@linkcounter=\count106
\Hy@pagecounter=\count107

(/usr/share/texmf-texlive/tex/latex/hyperref/pd1enc.def
File: pd1enc.def 2009/10/09 v6.79a Hyperref: PDFDocEncoding definition (HO)
)
(/usr/share/texmf-texlive/tex/generic/oberdiek/etexcmds.sty
Package: etexcmds 2007/12/12 v1.2 Prefix for e-TeX command names (HO)

(/usr/share/texmf-texlive/tex/generic/oberdiek/infwarerr.sty
Package: infwarerr 2007/09/09 v1.2 Providing info/warning/message (HO)
)
Package etexcmds Info: Could not find \expanded.
(etexcmds)             That can mean that you are not using pdfTeX 1.50 or
(etexcmds)             that some package has redefined \expanded.
(etexcmds)             In the latter case, load this package earlier.
)
(/usr/share/texmf-texlive/tex/latex/latexconfig/hyperref.cfg
File: hyperref.cfg 2002/06/06 v1.2 hyperref configuration of TeXLive
)
(/usr/share/texmf-texlive/tex/latex/oberdiek/kvoptions.sty
Package: kvoptions 2009/08/13 v3.4 Keyval support for LaTeX options (HO)

(/usr/share/texmf-texlive/tex/generic/oberdiek/kvsetkeys.sty
Package: kvsetkeys 2009/07/30 v1.5 Key value parser with default handler suppor
t (HO)
))
Package hyperref Info: Hyper figures OFF on input line 2975.
Package hyperref Info: Link nesting OFF on input line 2980.
Package hyperref Info: Hyper index ON on input line 2983.
Package hyperref Info: Plain pages OFF on input line 2990.
Package hyperref Info: Backreferencing OFF on input line 2995.

Implicit mode ON; LaTeX internals redefined
Package hyperref Info: Bookmarks ON on input line 3191.
(/usr/share/texmf-texlive/tex/latex/ltxmisc/url.sty
\Urlmuskip=\muskip10
Package: url 2006/04/12  ver 3.3  Verb mode for urls, etc.
)
LaTeX Info: Redefining \url on input line 3428.

(/usr/share/texmf-texlive/tex/generic/oberdiek/bitset.sty
Package: bitset 2007/09/28 v1.0 Data type bit set (HO)

(/usr/share/texmf-texlive/tex/generic/oberdiek/intcalc.sty
Package: intcalc 2007/09/27 v1.1 Expandable integer calculations (HO)
)
(/usr/share/texmf-texlive/tex/generic/oberdiek/bigintcalc.sty
Package: bigintcalc 2007/11/11 v1.1 Expandable big integer calculations (HO)

(/usr/share/texmf-texlive/tex/generic/oberdiek/pdftexcmds.sty
Package: pdftexcmds 2009/09/23 v0.6 LuaTeX support for pdfTeX utility functions
 (HO)

(/usr/share/texmf-texlive/tex/generic/oberdiek/ifluatex.sty
Package: ifluatex 2009/04/17 v1.2 Provides the ifluatex switch (HO)
Package ifluatex Info: LuaTeX not detected.
)
(/usr/share/texmf-texlive/tex/generic/oberdiek/ltxcmds.sty
Package: ltxcmds 2009/08/05 v1.0 Some LaTeX kernel commands for general use (HO
)
)
Package pdftexcmds Info: LuaTeX not detected.
Package pdftexcmds Info: \pdf@primitive is available.
Package pdftexcmds Info: \pdf@ifprimitive is available.
)))
\Fld@menulength=\count108
\Field@Width=\dimen105
\Fld@charsize=\dimen106
\Field@toks=\toks18
Package hyperref Info: Hyper figures OFF on input line 4377.
Package hyperref Info: Link nesting OFF on input line 4382.
Package hyperref Info: Hyper index ON on input line 4385.
Package hyperref Info: backreferencing OFF on input line 4392.
Package hyperref Info: Link coloring OFF on input line 4397.
Package hyperref Info: Link coloring with OCG OFF on input line 4402.
Package hyperref Info: PDF/A mode OFF on input line 4407.

(/usr/share/texmf-texlive/tex/generic/oberdiek/atbegshi.sty
Package: atbegshi 2008/07/31 v1.9 At begin shipout hook (HO)
)
\Hy@abspage=\count109
\c@Item=\count110
\c@Hfootnote=\count111
)
*hyperref using default driver hpdftex*
(/usr/share/texmf-texlive/tex/latex/hyperref/hpdftex.def
File: hpdftex.def 2009/10/09 v6.79a Hyperref driver for pdfTeX
\Fld@listcount=\count112
)
(/usr/share/texmf-texlive/tex/latex/listings/listings.sty
\lst@mode=\count113
\lst@gtempboxa=\box26
\lst@token=\toks19
\lst@length=\count114
\lst@currlwidth=\dimen107
\lst@column=\count115
\lst@pos=\count116
\lst@lostspace=\dimen108
\lst@width=\dimen109
\lst@newlines=\count117
\lst@lineno=\count118
\lst@maxwidth=\dimen110

(/usr/share/texmf-texlive/tex/latex/listings/lstmisc.sty
File: lstmisc.sty 2007/02/22 1.4 (Carsten Heinz)
\c@lstnumber=\count119
\lst@skipnumbers=\count120
\lst@framebox=\box27
)
(/usr/share/texmf-texlive/tex/latex/listings/listings.cfg
File: listings.cfg 2007/02/22 1.4 listings configuration
))
Package: listings 2007/02/22 1.4 (Carsten Heinz)

(/usr/share/texmf-texlive/tex/latex/oberdiek/centernot.sty
Package: centernot 2007/05/31 v1.1 Centers the not symbol horizontally (HO)
)
(/usr/share/texmf-texlive/tex/latex/amsmath/amsmath.sty
Package: amsmath 2000/07/18 v2.13 AMS math features
\@mathmargin=\skip43

For additional information on amsmath, use the `?' option.
(/usr/share/texmf-texlive/tex/latex/amsmath/amstext.sty
Package: amstext 2000/06/29 v2.01
)
(/usr/share/texmf-texlive/tex/latex/amsmath/amsbsy.sty
Package: amsbsy 1999/11/29 v1.2d
\pmbraise@=\dimen111
)
(/usr/share/texmf-texlive/tex/latex/amsmath/amsopn.sty
Package: amsopn 1999/12/14 v2.01 operator names
)
\inf@bad=\count121
LaTeX Info: Redefining \frac on input line 211.
\uproot@=\count122
\leftroot@=\count123
LaTeX Info: Redefining \overline on input line 307.
\classnum@=\count124
\DOTSCASE@=\count125
LaTeX Info: Redefining \ldots on input line 379.
LaTeX Info: Redefining \dots on input line 382.
LaTeX Info: Redefining \cdots on input line 467.
\Mathstrutbox@=\box28
\strutbox@=\box29
\big@size=\dimen112
LaTeX Font Info:    Redeclaring font encoding OML on input line 567.
LaTeX Font Info:    Redeclaring font encoding OMS on input line 568.
\macc@depth=\count126
\c@MaxMatrixCols=\count127
\dotsspace@=\muskip11
\c@parentequation=\count128
\dspbrk@lvl=\count129
\tag@help=\toks20
\row@=\count130
\column@=\count131
\maxfields@=\count132
\andhelp@=\toks21
\eqnshift@=\dimen113
\alignsep@=\dimen114
\tagshift@=\dimen115
\tagwidth@=\dimen116
\totwidth@=\dimen117
\lineht@=\dimen118
\@envbody=\toks22
\multlinegap=\skip44
\multlinetaggap=\skip45
\mathdisplay@stack=\toks23
LaTeX Info: Redefining \[ on input line 2666.
LaTeX Info: Redefining \] on input line 2667.
)
(/usr/share/texmf-texlive/tex/latex/amsfonts/amssymb.sty
Package: amssymb 2009/06/22 v3.00

(/usr/share/texmf-texlive/tex/latex/amsfonts/amsfonts.sty
Package: amsfonts 2009/06/22 v3.00 Basic AMSFonts support
\symAMSa=\mathgroup4
\symAMSb=\mathgroup5
LaTeX Font Info:    Overwriting math alphabet `\mathfrak' in version `bold'
(Font)                  U/euf/m/n --> U/euf/b/n on input line 96.
))
(/usr/share/texmf-texlive/tex/latex/graphics/graphicx.sty
Package: graphicx 1999/02/16 v1.0f Enhanced LaTeX Graphics (DPC,SPQR)

(/usr/share/texmf-texlive/tex/latex/graphics/graphics.sty
Package: graphics 2009/02/05 v1.0o Standard LaTeX Graphics (DPC,SPQR)

(/usr/share/texmf-texlive/tex/latex/graphics/trig.sty
Package: trig 1999/03/16 v1.09 sin cos tan (DPC)
)
(/etc/texmf/tex/latex/config/graphics.cfg
File: graphics.cfg 2009/08/28 v1.8 graphics configuration of TeX Live
)
Package graphics Info: Driver file: pdftex.def on input line 91.

(/usr/share/texmf-texlive/tex/latex/pdftex-def/pdftex.def
File: pdftex.def 2010/03/12 v0.04p Graphics/color for pdfTeX
\Gread@gobject=\count133
))
\Gin@req@height=\dimen119
\Gin@req@width=\dimen120
)
(/usr/share/texmf-texlive/tex/latex/filecontents/filecontents.sty
Package: filecontents 2009/03/17 v1.2 Create an external file from within a LaT
eX document
)
(./RiTHMWeeklyReport.aux)
\openout1 = `RiTHMWeeklyReport.aux'.

LaTeX Font Info:    Checking defaults for OML/cmm/m/it on input line 18.
LaTeX Font Info:    ... okay on input line 18.
LaTeX Font Info:    Checking defaults for T1/cmr/m/n on input line 18.
LaTeX Font Info:    ... okay on input line 18.
LaTeX Font Info:    Checking defaults for OT1/cmr/m/n on input line 18.
LaTeX Font Info:    ... okay on input line 18.
LaTeX Font Info:    Checking defaults for OMS/cmsy/m/n on input line 18.
LaTeX Font Info:    ... okay on input line 18.
LaTeX Font Info:    Checking defaults for OMX/cmex/m/n on input line 18.
LaTeX Font Info:    ... okay on input line 18.
LaTeX Font Info:    Checking defaults for U/cmr/m/n on input line 18.
LaTeX Font Info:    ... okay on input line 18.
LaTeX Font Info:    Checking defaults for PD1/pdf/m/n on input line 18.
LaTeX Font Info:    ... okay on input line 18.
Package hyperref Info: Link coloring OFF on input line 18.

(/usr/share/texmf-texlive/tex/latex/hyperref/nameref.sty
Package: nameref 2007/05/29 v2.31 Cross-referencing by name of section

(/usr/share/texmf-texlive/tex/latex/oberdiek/refcount.sty
Package: refcount 2008/08/11 v3.1 Data extraction from references (HO)
)
\c@section@level=\count134
)
LaTeX Info: Redefining \ref on input line 18.
LaTeX Info: Redefining \pageref on input line 18.

(./RiTHMWeeklyReport.out) (./RiTHMWeeklyReport.out)
\@outlinefile=\write3
\openout3 = `RiTHMWeeklyReport.out'.

\AtBeginShipoutBox=\box30
\c@lstlisting=\count135

(/usr/share/texmf-texlive/tex/context/base/supp-pdf.mkii
[Loading MPS to PDF converter (version 2006.09.02).]
\scratchcounter=\count136
\scratchdimen=\dimen121
\scratchbox=\box31
\nofMPsegments=\count137
\nofMParguments=\count138
\everyMPshowfont=\toks24
\MPscratchCnt=\count139
\MPscratchDim=\dimen122
\MPnumerator=\count140
\everyMPtoPDFconversion=\toks25
)
LaTeX Font Info:    Try loading font information for U+msa on input line 20.
 (/usr/share/texmf-texlive/tex/latex/amsfonts/umsa.fd
File: umsa.fd 2009/06/22 v3.00 AMS symbols A
)
LaTeX Font Info:    Try loading font information for U+msb on input line 20.

(/usr/share/texmf-texlive/tex/latex/amsfonts/umsb.fd
File: umsb.fd 2009/06/22 v3.00 AMS symbols B
)
LaTeX Font Info:    Try loading font information for OMS+cmr on input line 32.

(/usr/share/texmf-texlive/tex/latex/base/omscmr.fd
File: omscmr.fd 1999/05/25 v2.5h Standard LaTeX font definitions
)
LaTeX Font Info:    Font shape `OMS/cmr/m/n' in size <10> not available
(Font)              Font shape `OMS/cmsy/m/n' tried instead on input line 32.
 [1

{/var/lib/texmf/fonts/map/pdftex/updmap/pdftex.map}] [2] [3]
Overfull \hbox (13.05441pt too wide) in paragraph at lines 88--89
\OT1/cmr/m/n/10 The cod-ing is in progress and we now use []$\OT1/cmtt/m/n/10 h
ttp : / / www . brics . dk / automaton /
 []


Underfull \hbox (badness 10000) in paragraph at lines 102--103

 []

[4] <LTLHierarchy.png, id=101, 773.89125pt x 190.7125pt>
File: LTLHierarchy.png Graphic file (type png)

<use LTLHierarchy.png> [5 <./LTLHierarchy.png (PNG copy)>]
<FGExample.png, id=107, 410.4936pt x 323.0469pt>
File: FGExample.png Graphic file (type png)
 <use FGExample.png>
<GFExample.png, id=108, 332.442pt x 230.5413pt>
File: GFExample.png Graphic file (type png)
 <use GFExample.png>
Underfull \hbox (badness 10000) in paragraph at lines 142--143

 []

[6 <./FGExample.png (PNG copy)> <./GFExample.png (PNG copy)>]
Overfull \hbox (10.33118pt too wide) in paragraph at lines 149--150
[]\OT1/cmr/m/n/10 For 'C' pro-gram mon-i-tor-ing track - []$\OT1/cmtt/m/n/10 ht
tps : / / forge . imag . fr / plugins /
 []


Overfull \hbox (34.4429pt too wide) in paragraph at lines 150--151
[]\OT1/cmr/m/n/10 For Of-fline mon-i-tor-ing track []$\OT1/cmtt/m/n/10 https : 
/ / forge . imag . fr / plugins / mediawiki /
 []


Overfull \hbox (36.66753pt too wide) in paragraph at lines 157--158
[]$\OMS/cmsy/m/n/10 8$ \OT1/cmr/m/n/10 tid: pthread[]mutex[]lock(tid, "ex[]mute
x") $[][]\OMS/cmsy/m/n/10 !$ $}$ \OT1/cmr/m/n/10 pthread[]mutex[]unlock(tid,
 []


Overfull \hbox (19.80632pt too wide) in paragraph at lines 159--160
[]$\OMS/cmsy/m/n/10 8$ \OT1/cmr/m/n/10 tid: (pthread[]mutex[]lock(tid, 'ex[]mut
ex') $\OMS/cmsy/m/n/10 _$ \OT1/cmr/m/n/10 pthread[]mutex[]destroy(tid,
 []


Overfull \hbox (91.55934pt too wide) in paragraph at lines 159--160
\OT1/cmr/m/n/10 'ex[]mutex') $\OMS/cmsy/m/n/10 _$ \OT1/cmr/m/n/10 pthread[]mute
x[]unlock(tid, 'ex[]mutex')) $[][]\OMS/cmsy/m/n/10 !$ $}[]$ \OT1/cmr/m/n/10 pth
read[]mutex[]init(10000,
 []


Overfull \hbox (23.80362pt too wide) in paragraph at lines 160--161
[]$\OMS/cmsy/m/n/10 8$ \OT1/cmr/m/n/10 tid: (pthread[]exit(tid)) $[][]\OMS/cmsy
/m/n/10 !$ $}[]$ \OT1/cmr/m/n/10 pthread[]mutex[]unlock(tid, 'ex[]mutex')) 
 []


Overfull \hbox (11.96992pt too wide) in paragraph at lines 162--163
\OT1/cmr/m/n/10 trace file is at []$\OT1/cmtt/m/n/10 https : / / github . com /
 yogirjoshi / datatools / blob / master /
 []

[7]
Overfull \hbox (22.00351pt too wide) in paragraph at lines 188--189
[][][][][][][][][][][][][][][][] 
 []


Overfull \hbox (22.00351pt too wide) in paragraph at lines 198--199
[][][][][][][][][][][][][][][][] 
 []

(./RiTHMWeeklyReport.bbl [8]) [9] (./RiTHMWeeklyReport.aux) ) 
Here is how much of TeX's memory you used:
 7145 strings out of 493848
 103867 string characters out of 1152823
 213607 words of memory out of 3000000
 10239 multiletter control sequences out of 15000+50000
 13232 words of font info for 51 fonts, out of 3000000 for 9000
 714 hyphenation exceptions out of 8191
 38i,6n,36p,863b,928s stack positions out of 5000i,500n,10000p,200000b,50000s
</usr/share/texmf-
texlive/fonts/type1/public/amsfonts/cm/cmbx10.pfb></usr/share/texmf-texlive/fon
ts/type1/public/amsfonts/cm/cmbx12.pfb></usr/share/texmf-texlive/fonts/type1/pu
blic/amsfonts/cm/cmbx9.pfb></usr/share/texmf-texlive/fonts/type1/public/amsfont
s/cm/cmcsc10.pfb></usr/share/texmf-texlive/fonts/type1/public/amsfonts/cm/cmmi1
0.pfb></usr/share/texmf-texlive/fonts/type1/public/amsfonts/cm/cmmi7.pfb></usr/
share/texmf-texlive/fonts/type1/public/amsfonts/cm/cmr10.pfb></usr/share/texmf-
texlive/fonts/type1/public/amsfonts/cm/cmr12.pfb></usr/share/texmf-texlive/font
s/type1/public/amsfonts/cm/cmr17.pfb></usr/share/texmf-texlive/fonts/type1/publ
ic/amsfonts/cm/cmr7.pfb></usr/share/texmf-texlive/fonts/type1/public/amsfonts/c
m/cmr9.pfb></usr/share/texmf-texlive/fonts/type1/public/amsfonts/cm/cmsy10.pfb>
</usr/share/texmf-texlive/fonts/type1/public/amsfonts/cm/cmsy7.pfb></usr/share/
texmf-texlive/fonts/type1/public/amsfonts/cm/cmti10.pfb></usr/share/texmf-texli
ve/fonts/type1/public/amsfonts/cm/cmtt10.pfb></usr/share/texmf-texlive/fonts/ty
pe1/public/amsfonts/symbols/msam10.pfb>
Output written on RiTHMWeeklyReport.pdf (9 pages, 271261 bytes).
PDF statistics:
 222 PDF objects out of 1000 (max. 8388607)
 47 named destinations out of 1000 (max. 500000)
 112 words of extra memory for PDF output out of 10000 (max. 10000000)

